Base path: '/Users/mingming/Desktop/2019.3.10f1/Unity.app/Contents', plugins path '/Users/mingming/Desktop/2019.3.10f1/PlaybackEngines'
Cmd: initializeCompiler
Cmd: compileComputeKernel
  api=14 insize=7960 outsize=3081 ok=1
Cmd: translateComputeKernel
  api=14 insize=2708 outsize=2936 ok=1
Cmd: translateComputeKernel
  api=14 insize=4178 outsize=6112 ok=1
Cmd: compileComputeKernel
  api=14 insize=9919 outsize=2923 ok=1
Cmd: compileComputeKernel
  api=14 insize=9919 outsize=2923 ok=1
Cmd: compileComputeKernel
  api=14 insize=9919 outsize=2952 ok=1
Cmd: compileComputeKernel
  api=14 insize=9919 outsize=3102 ok=1
Cmd: translateComputeKernel
  api=14 insize=2923 outsize=4344 ok=1
Cmd: translateComputeKernel
  api=14 insize=2923 outsize=4348 ok=1
Cmd: translateComputeKernel
  api=14 insize=2952 outsize=4387 ok=1
Cmd: translateComputeKernel
  api=14 insize=3102 outsize=4638 ok=1
Cmd: compileComputeKernel
  api=14 insize=7959 outsize=3091 ok=1
Cmd: compileComputeKernel
  api=14 insize=7959 outsize=4090 ok=1
Cmd: translateComputeKernel
  api=14 insize=3420 outsize=4983 ok=1
Cmd: compileComputeKernel
  api=14 insize=49356 outsize=3498 ok=1
Cmd: compileComputeKernel
  api=14 insize=49356 outsize=4891 ok=1
Cmd: compileComputeKernel
  api=14 insize=49356 outsize=3078 ok=1
Cmd: compileComputeKernel
  api=14 insize=49356 outsize=3544 ok=1
Cmd: compileComputeKernel
  api=14 insize=49356 outsize=3353 ok=1
Cmd: compileComputeKernel
  api=14 insize=49356 outsize=3030 ok=1
Cmd: compileComputeKernel
  api=14 insize=49356 outsize=3374 ok=1
Cmd: compileComputeKernel
  api=14 insize=49356 outsize=3126 ok=1
Cmd: compileComputeKernel
  api=14 insize=49356 outsize=3704 ok=1
Cmd: compileComputeKernel
  api=14 insize=49356 outsize=3027 ok=1
Cmd: compileComputeKernel
  api=14 insize=49356 outsize=3727 ok=1
Cmd: compileComputeKernel
  api=14 insize=49356 outsize=4167 ok=1
Cmd: compileComputeKernel
  api=14 insize=49356 outsize=3756 ok=1
Cmd: compileComputeKernel
  api=14 insize=49356 outsize=3906 ok=1
Cmd: compileComputeKernel
  api=14 insize=49356 outsize=3084 ok=1
Cmd: compileComputeKernel
  api=14 insize=49356 outsize=3337 ok=1
Cmd: compileComputeKernel
  api=14 insize=49356 outsize=3523 ok=1
Cmd: translateComputeKernel
  api=14 insize=13480 outsize=23770 ok=1
Cmd: translateComputeKernel
  api=14 insize=4169 outsize=5057 ok=1
Cmd: translateComputeKernel
  api=14 insize=4609 outsize=5852 ok=1
Cmd: translateComputeKernel
  api=14 insize=4201 outsize=5103 ok=1
Cmd: translateComputeKernel
  api=14 insize=4199 outsize=5102 ok=1
Cmd: translateComputeKernel
  api=14 insize=4348 outsize=5352 ok=1
Cmd: translateComputeKernel
  api=14 insize=3593 outsize=3781 ok=1
Cmd: translateComputeKernel
  api=14 insize=4168 outsize=4861 ok=1
Cmd: translateComputeKernel
  api=14 insize=4807 outsize=6313 ok=1
Cmd: compileComputeKernel
  api=14 insize=68835 outsize=8733 ok=1
Cmd: translateComputeKernel
  api=14 insize=13790 outsize=26742 ok=1
Cmd: compileComputeKernel
  api=14 insize=29386 outsize=2148 ok=1
Cmd: compileComputeKernel
  api=14 insize=29386 outsize=2058 ok=1
Cmd: compileComputeKernel
  api=14 insize=29386 outsize=1223 ok=1
Cmd: compileComputeKernel
  api=14 insize=29386 outsize=2313 ok=1
Cmd: compileComputeKernel
  api=14 insize=29386 outsize=2381 ok=1
Cmd: compileComputeKernel
  api=14 insize=29386 outsize=2149 ok=1
Cmd: compileComputeKernel
  api=14 insize=29386 outsize=2399 ok=1
Cmd: compileComputeKernel
  api=14 insize=29386 outsize=2220 ok=1
Cmd: compileComputeKernel
  api=14 insize=29386 outsize=2077 ok=1
Cmd: compileComputeKernel
  api=14 insize=29386 outsize=2145 ok=1
Cmd: compileComputeKernel
  api=14 insize=29386 outsize=2092 ok=1
Cmd: compileComputeKernel
  api=14 insize=29386 outsize=2248 ok=1
Cmd: compileComputeKernel
  api=14 insize=29386 outsize=2692 ok=1
Cmd: compileComputeKernel
  api=14 insize=29386 outsize=2543 ok=1
Cmd: compileComputeKernel
  api=14 insize=29386 outsize=2891 ok=1
Cmd: compileComputeKernel
  api=14 insize=29386 outsize=2717 ok=1
Cmd: compileComputeKernel
  api=14 insize=29386 outsize=2691 ok=1
Cmd: compileComputeKernel
  api=14 insize=29386 outsize=2730 ok=1
Cmd: compileComputeKernel
  api=14 insize=29386 outsize=2659 ok=1
Cmd: compileComputeKernel
  api=14 insize=29386 outsize=2619 ok=1
Cmd: compileComputeKernel
  api=14 insize=29386 outsize=2740 ok=1
Cmd: compileComputeKernel
  api=14 insize=29386 outsize=2989 ok=1
Cmd: translateComputeKernel
  api=14 insize=2251 outsize=2201 ok=1
Cmd: translateComputeKernel
  api=14 insize=2253 outsize=2185 ok=1
Cmd: translateComputeKernel
  api=14 insize=2282 outsize=2219 ok=1
Cmd: translateComputeKernel
  api=14 insize=2342 outsize=2335 ok=1
Cmd: translateComputeKernel
  api=14 insize=2509 outsize=2584 ok=1
Cmd: translateComputeKernel
  api=14 insize=1572 outsize=1659 ok=1
Cmd: translateComputeKernel
  api=14 insize=2344 outsize=2286 ok=1
Cmd: translateComputeKernel
  api=14 insize=2598 outsize=2705 ok=1
Cmd: translateComputeKernel
  api=14 insize=2380 outsize=2426 ok=1
Cmd: translateComputeKernel
  api=14 insize=1458 outsize=1512 ok=1
Cmd: translateComputeKernel
  api=14 insize=1458 outsize=1514 ok=1
Cmd: translateComputeKernel
  api=14 insize=2305 outsize=2293 ok=1
Cmd: translateComputeKernel
  api=14 insize=2287 outsize=2226 ok=1
Cmd: translateComputeKernel
  api=14 insize=2347 outsize=2360 ok=1
Cmd: translateComputeKernel
  api=14 insize=2824 outsize=3303 ok=1
Cmd: translateComputeKernel
  api=14 insize=2830 outsize=3479 ok=1
Cmd: translateComputeKernel
  api=14 insize=2704 outsize=3005 ok=1
Cmd: translateComputeKernel
  api=14 insize=2997 outsize=3704 ok=1
Cmd: translateComputeKernel
  api=14 insize=2989 outsize=3728 ok=1
Cmd: translateComputeKernel
  api=14 insize=2838 outsize=3534 ok=1
Cmd: translateComputeKernel
  api=14 insize=2852 outsize=3520 ok=1
Cmd: translateComputeKernel
  api=14 insize=2861 outsize=3375 ok=1
Cmd: translateComputeKernel
  api=14 insize=2843 outsize=3338 ok=1
Cmd: translateComputeKernel
  api=14 insize=2843 outsize=3339 ok=1
Cmd: translateComputeKernel
  api=14 insize=2816 outsize=3299 ok=1
Cmd: translateComputeKernel
  api=14 insize=2848 outsize=3514 ok=1
Cmd: translateComputeKernel
  api=14 insize=2860 outsize=3361 ok=1
Cmd: translateComputeKernel
  api=14 insize=2797 outsize=3473 ok=1
Cmd: compileComputeKernel
  api=14 insize=45671 outsize=12312 ok=1
Cmd: translateComputeKernel
  api=14 insize=12345 outsize=23953 ok=1
Cmd: compileComputeKernel
  api=14 insize=4103 outsize=2913 ok=1
Cmd: translateComputeKernel
  api=14 insize=2905 outsize=4002 ok=1

Quitting shader compiler process
